1573324854 - INFO: Log level set to 6
STORE CALL: glXQueryExtension(0x55b1c2e76840, 0x7f7c5e28389c, 0x7f7c5e283898, )
1573324855 - DEBUG: RAISED STOP
1573324861 - INFO: OPERATION: 6
1573324861 - INFO: ORIG_GL: glXQueryExtension (0x7f7c5db87f20)
1573324861 - DEBUG: RAISED STOP
1573324861 - INFO: OPERATION: 22
STORE CALL: glXQueryVersion(0x55b1c2e76840, 0x7f7c5e283890, 0x7f7c5e283894, )
1573324861 - DEBUG: RAISED STOP
1573324861 - INFO: OPERATION: 6
1573324861 - INFO: ORIG_GL: glXQueryVersion (0x7f7c5db88340)
1573324861 - DEBUG: RAISED STOP
1573324861 - INFO: OPERATION: 22
STORE CALL: glXQueryExtensionsString(0x55b1c2e76840, 0, )
1573324861 - DEBUG: RAISED STOP
1573324862 - INFO: OPERATION: 6
1573324862 - INFO: ORIG_GL: glXQueryExtensionsString (0x7f7c5db87f30)
1573324862 - DEBUG: RAISED STOP
1573324862 - INFO: OPERATION: 22
STORE CALL: glXQueryExtensionsString(0x55b1c2e76840, 0, )
1573324862 - DEBUG: RAISED STOP
1573324862 - INFO: OPERATION: 6
1573324862 - INFO: ORIG_GL: glXQueryExtensionsString (0x7f7c5db87f30)
1573324862 - DEBUG: RAISED STOP
1573324862 - INFO: OPERATION: 22
STORE CALL: glXQueryExtensionsString(0x55b1c2e76840, 0, )
1573324862 - DEBUG: RAISED STOP
1573324863 - INFO: OPERATION: 6
1573324863 - INFO: ORIG_GL: glXQueryExtensionsString (0x7f7c5db87f30)
1573324863 - DEBUG: RAISED STOP
1573324863 - INFO: OPERATION: 22
STORE CALL: glXQueryExtensionsString(0x55b1c2e76840, 0, )
1573324863 - DEBUG: RAISED STOP
1573324863 - INFO: OPERATION: 6
1573324863 - INFO: ORIG_GL: glXQueryExtensionsString (0x7f7c5db87f30)
1573324863 - DEBUG: RAISED STOP
1573324863 - INFO: OPERATION: 22
STORE CALL: glXQueryExtensionsString(0x55b1c2e76840, 0, )
1573324863 - DEBUG: RAISED STOP
1573324863 - INFO: OPERATION: 6
1573324863 - INFO: ORIG_GL: glXQueryExtensionsString (0x7f7c5db87f30)
1573324863 - DEBUG: RAISED STOP
1573324863 - INFO: OPERATION: 22
STORE CALL: glXQueryExtensionsString(0x55b1c2e76840, 0, )
1573324863 - DEBUG: RAISED STOP
1573324864 - INFO: OPERATION: 6
1573324864 - INFO: ORIG_GL: glXQueryExtensionsString (0x7f7c5db87f30)
1573324864 - DEBUG: RAISED STOP
1573324864 - INFO: OPERATION: 22
STORE CALL: glXQueryExtensionsString(0x55b1c2e76840, 0, )
1573324864 - DEBUG: RAISED STOP
1573324864 - INFO: OPERATION: 6
1573324864 - INFO: ORIG_GL: glXQueryExtensionsString (0x7f7c5db87f30)
1573324864 - DEBUG: RAISED STOP
1573324864 - INFO: OPERATION: 22
STORE CALL: glXQueryExtensionsString(0x55b1c2e76840, 0, )
1573324864 - DEBUG: RAISED STOP
1573324864 - INFO: OPERATION: 6
1573324864 - INFO: ORIG_GL: glXQueryExtensionsString (0x7f7c5db87f30)
1573324864 - DEBUG: RAISED STOP
1573324864 - INFO: OPERATION: 22
STORE CALL: glXQueryExtensionsString(0x55b1c2e76840, 0, )
1573324864 - DEBUG: RAISED STOP
1573324864 - INFO: OPERATION: 6
1573324864 - INFO: ORIG_GL: glXQueryExtensionsString (0x7f7c5db87f30)
1573324864 - DEBUG: RAISED STOP
1573324864 - INFO: OPERATION: 22
STORE CALL: glXQueryExtensionsString(0x55b1c2e76840, 0, )
1573324864 - DEBUG: RAISED STOP
1573324865 - INFO: OPERATION: 6
1573324865 - INFO: ORIG_GL: glXQueryExtensionsString (0x7f7c5db87f30)
1573324865 - DEBUG: RAISED STOP
1573324865 - INFO: OPERATION: 22
STORE CALL: glXQueryExtensionsString(0x55b1c2e76840, 0, )
1573324865 - DEBUG: RAISED STOP
1573324865 - INFO: OPERATION: 6
1573324865 - INFO: ORIG_GL: glXQueryExtensionsString (0x7f7c5db87f30)
1573324865 - DEBUG: RAISED STOP
1573324865 - INFO: OPERATION: 22
STORE CALL: glXGetClientString(0x55b1c2e76840, 1, )
1573324865 - DEBUG: RAISED STOP
1573324866 - INFO: OPERATION: 6
1573324866 - INFO: ORIG_GL: glXGetClientString (0x7f7c5db872d0)
1573324866 - DEBUG: RAISED STOP
1573324866 - INFO: OPERATION: 22
