1573324791 - INFO: Log level set to 6
STORE CALL: glXQueryExtension(0x55e8867b8840, 0x7f6e1745289c, 0x7f6e17452898, )
1573324791 - DEBUG: RAISED STOP
1573324794 - INFO: OPERATION: 6
1573324794 - INFO: ORIG_GL: glXQueryExtension (0x7f6e16d56f20)
1573324794 - DEBUG: RAISED STOP
1573324794 - INFO: OPERATION: 22
STORE CALL: glXQueryVersion(0x55e8867b8840, 0x7f6e17452890, 0x7f6e17452894, )
1573324794 - DEBUG: RAISED STOP
1573324794 - INFO: OPERATION: 6
1573324794 - INFO: ORIG_GL: glXQueryVersion (0x7f6e16d57340)
1573324794 - DEBUG: RAISED STOP
1573324794 - INFO: OPERATION: 22
STORE CALL: glXQueryExtensionsString(0x55e8867b8840, 0, )
1573324794 - DEBUG: RAISED STOP
1573324795 - INFO: OPERATION: 6
1573324795 - INFO: ORIG_GL: glXQueryExtensionsString (0x7f6e16d56f30)
1573324795 - DEBUG: RAISED STOP
1573324795 - INFO: OPERATION: 22
STORE CALL: glXQueryExtensionsString(0x55e8867b8840, 0, )
1573324795 - DEBUG: RAISED STOP
1573324795 - INFO: OPERATION: 6
1573324795 - INFO: ORIG_GL: glXQueryExtensionsString (0x7f6e16d56f30)
1573324795 - DEBUG: RAISED STOP
1573324795 - INFO: OPERATION: 22
STORE CALL: glXQueryExtensionsString(0x55e8867b8840, 0, )
1573324795 - DEBUG: RAISED STOP
1573324798 - INFO: OPERATION: 6
1573324798 - INFO: ORIG_GL: glXQueryExtensionsString (0x7f6e16d56f30)
1573324798 - DEBUG: RAISED STOP
1573324798 - INFO: OPERATION: 22
STORE CALL: glXQueryExtensionsString(0x55e8867b8840, 0, )
1573324798 - DEBUG: RAISED STOP
1573324798 - INFO: OPERATION: 6
1573324798 - INFO: ORIG_GL: glXQueryExtensionsString (0x7f6e16d56f30)
1573324798 - DEBUG: RAISED STOP
1573324798 - INFO: OPERATION: 22
STORE CALL: glXQueryExtensionsString(0x55e8867b8840, 0, )
1573324798 - DEBUG: RAISED STOP
1573324798 - INFO: OPERATION: 6
1573324798 - INFO: ORIG_GL: glXQueryExtensionsString (0x7f6e16d56f30)
1573324798 - DEBUG: RAISED STOP
1573324798 - INFO: OPERATION: 22
STORE CALL: glXQueryExtensionsString(0x55e8867b8840, 0, )
1573324798 - DEBUG: RAISED STOP
1573324798 - INFO: OPERATION: 6
1573324798 - INFO: ORIG_GL: glXQueryExtensionsString (0x7f6e16d56f30)
1573324798 - DEBUG: RAISED STOP
1573324798 - INFO: OPERATION: 22
STORE CALL: glXQueryExtensionsString(0x55e8867b8840, 0, )
1573324798 - DEBUG: RAISED STOP
1573324798 - INFO: OPERATION: 6
1573324798 - INFO: ORIG_GL: glXQueryExtensionsString (0x7f6e16d56f30)
1573324798 - DEBUG: RAISED STOP
1573324798 - INFO: OPERATION: 22
STORE CALL: glXQueryExtensionsString(0x55e8867b8840, 0, )
1573324798 - DEBUG: RAISED STOP
1573324798 - INFO: OPERATION: 6
1573324798 - INFO: ORIG_GL: glXQueryExtensionsString (0x7f6e16d56f30)
1573324798 - DEBUG: RAISED STOP
1573324798 - INFO: OPERATION: 22
STORE CALL: glXQueryExtensionsString(0x55e8867b8840, 0, )
1573324798 - DEBUG: RAISED STOP
1573324798 - INFO: OPERATION: 6
1573324798 - INFO: ORIG_GL: glXQueryExtensionsString (0x7f6e16d56f30)
1573324798 - DEBUG: RAISED STOP
1573324798 - INFO: OPERATION: 22
STORE CALL: glXQueryExtensionsString(0x55e8867b8840, 0, )
1573324798 - DEBUG: RAISED STOP
1573324798 - INFO: OPERATION: 6
1573324798 - INFO: ORIG_GL: glXQueryExtensionsString (0x7f6e16d56f30)
1573324798 - DEBUG: RAISED STOP
1573324798 - INFO: OPERATION: 22
STORE CALL: glXQueryExtensionsString(0x55e8867b8840, 0, )
1573324798 - DEBUG: RAISED STOP
1573324798 - INFO: OPERATION: 6
1573324798 - INFO: ORIG_GL: glXQueryExtensionsString (0x7f6e16d56f30)
1573324798 - DEBUG: RAISED STOP
1573324798 - INFO: OPERATION: 22
STORE CALL: glXGetClientString(0x55e8867b8840, 1, )
1573324798 - DEBUG: RAISED STOP
1573324798 - INFO: OPERATION: 6
1573324798 - INFO: ORIG_GL: glXGetClientString (0x7f6e16d562d0)
1573324798 - DEBUG: RAISED STOP
1573324798 - INFO: OPERATION: 22
